# JRE version: Java(TM) SE Runtime Environment (8.0_45-b14) (build 1.8.0_45-b14)
# Java VM: Java HotSpot(TM) 64-Bit Server VM (25.45-b02 mixed mode linux-amd64 compressed oops)
Heap:
 PSYoungGen      total 226816K, used 14834K [0x00000000ebd00000, 0x00000000ffe00000, 0x0000000100000000)
  eden space 124928K, 0% used [0x00000000ebd00000,0x00000000ebd00000,0x00000000f3700000)
  from space 101888K, 14% used [0x00000000f9a80000,0x00000000fa8fcad0,0x00000000ffe00000)
  to   space 101888K, 0% used [0x00000000f3700000,0x00000000f3700000,0x00000000f9a80000)
 ParOldGen       total 437248K, used 437083K [0x00000000c3600000, 0x00000000de100000, 0x00000000ebd00000)
  object space 437248K, 99% used [0x00000000c3600000,0x00000000de0d6f50,0x00000000de100000)
 Metaspace       used 10700K, capacity 11158K, committed 11264K, reserved 1058816K
  class space    used 1369K, capacity 1510K, committed 1536K, reserved 1048576K
GC Heap History (10 events):
Event: 23,030 GC heap after
Heap after GC invocations=27 (full 6):
 PSYoungGen      total 226816K, used 59277K [0x00000000ebd00000, 0x0000000100000000, 0x0000000100000000)
  eden space 122880K, 0% used [0x00000000ebd00000,0x00000000ebd00000,0x00000000f3500000)
  from space 103936K, 57% used [0x00000000f3500000,0x00000000f6ee35f8,0x00000000f9a80000)
  to   space 103936K, 0% used [0x00000000f9a80000,0x00000000f9a80000,0x0000000100000000)
 ParOldGen       total 292864K, used 225902K [0x00000000c3600000, 0x00000000d5400000, 0x00000000ebd00000)
  object space 292864K, 77% used [0x00000000c3600000,0x00000000d129bb18,0x00000000d5400000)
 Metaspace       used 10700K, capacity 11158K, committed 11264K, reserved 1058816K
  class space    used 1369K, capacity 1510K, committed 1536K, reserved 1048576K
}
Event: 23,030 GC heap before
{Heap before GC invocations=28 (full 7):
 PSYoungGen      total 226816K, used 59277K [0x00000000ebd00000, 0x0000000100000000, 0x0000000100000000)
  eden space 122880K, 0% used [0x00000000ebd00000,0x00000000ebd00000,0x00000000f3500000)
  from space 103936K, 57% used [0x00000000f3500000,0x00000000f6ee35f8,0x00000000f9a80000)
  to   space 103936K, 0% used [0x00000000f9a80000,0x00000000f9a80000,0x0000000100000000)
 ParOldGen       total 292864K, used 225902K [0x00000000c3600000, 0x00000000d5400000, 0x00000000ebd00000)
  object space 292864K, 77% used [0x00000000c3600000,0x00000000d129bb18,0x00000000d5400000)
 Metaspace       used 10700K, capacity 11158K, committed 11264K, reserved 1058816K
  class space    used 1369K, capacity 1510K, committed 1536K, reserved 1048576K
Event: 24,243 GC heap after
Heap after GC invocations=28 (full 7):
 PSYoungGen      total 226816K, used 0K [0x00000000ebd00000, 0x0000000100000000, 0x0000000100000000)
  eden space 122880K, 0% used [0x00000000ebd00000,0x00000000ebd00000,0x00000000f3500000)
  from space 103936K, 0% used [0x00000000f3500000,0x00000000f3500000,0x00000000f9a80000)
  to   space 103936K, 0% used [0x00000000f9a80000,0x00000000f9a80000,0x0000000100000000)
 ParOldGen       total 437248K, used 282014K [0x00000000c3600000, 0x00000000de100000, 0x00000000ebd00000)
  object space 437248K, 64% used [0x00000000c3600000,0x00000000d4967a58,0x00000000de100000)
 Metaspace       used 10700K, capacity 11158K, committed 11264K, reserved 1058816K
  class space    used 1369K, capacity 1510K, committed 1536K, reserved 1048576K
}
Event: 24,491 GC heap before
{Heap before GC invocations=29 (full 7):
 PSYoungGen      total 226816K, used 122880K [0x00000000ebd00000, 0x0000000100000000, 0x0000000100000000)
  eden space 122880K, 100% used [0x00000000ebd00000,0x00000000f3500000,0x00000000f3500000)
  from space 103936K, 0% used [0x00000000f3500000,0x00000000f3500000,0x00000000f9a80000)
  to   space 103936K, 0% used [0x00000000f9a80000,0x00000000f9a80000,0x0000000100000000)
 ParOldGen       total 437248K, used 282014K [0x00000000c3600000, 0x00000000de100000, 0x00000000ebd00000)
  object space 437248K, 64% used [0x00000000c3600000,0x00000000d4967a58,0x00000000de100000)
 Metaspace       used 10700K, capacity 11158K, committed 11264K, reserved 1058816K
  class space    used 1369K, capacity 1510K, committed 1536K, reserved 1048576K
Event: 24,552 GC heap after
Heap after GC invocations=29 (full 7):
 PSYoungGen      total 225792K, used 58368K [0x00000000ebd00000, 0x00000000fff00000, 0x0000000100000000)
  eden space 122880K, 0% used [0x00000000ebd00000,0x00000000ebd00000,0x00000000f3500000)
  from space 102912K, 56% used [0x00000000f9a80000,0x00000000fd380000,0x00000000fff00000)
  to   space 103424K, 0% used [0x00000000f3500000,0x00000000f3500000,0x00000000f9a00000)
 ParOldGen       total 437248K, used 282014K [0x00000000c3600000, 0x00000000de100000, 0x00000000ebd00000)
  object space 437248K, 64% used [0x00000000c3600000,0x00000000d4967a58,0x00000000de100000)
 Metaspace       used 10700K, capacity 11158K, committed 11264K, reserved 1058816K
  class space    used 1369K, capacity 1510K, committed 1536K, reserved 1048576K
}
Event: 24,788 GC heap before
{Heap before GC invocations=30 (full 7):
 PSYoungGen      total 225792K, used 181248K [0x00000000ebd00000, 0x00000000fff00000, 0x0000000100000000)
  eden space 122880K, 100% used [0x00000000ebd00000,0x00000000f3500000,0x00000000f3500000)
  from space 102912K, 56% used [0x00000000f9a80000,0x00000000fd380000,0x00000000fff00000)
  to   space 103424K, 0% used [0x00000000f3500000,0x00000000f3500000,0x00000000f9a00000)
 ParOldGen       total 437248K, used 282014K [0x00000000c3600000, 0x00000000de100000, 0x00000000ebd00000)
  object space 437248K, 64% used [0x00000000c3600000,0x00000000d4967a58,0x00000000de100000)
 Metaspace       used 10700K, capacity 11158K, committed 11264K, reserved 1058816K
  class space    used 1369K, capacity 1510K, committed 1536K, reserved 1048576K
Event: 25,315 GC heap after
Heap after GC invocations=30 (full 7):
 PSYoungGen      total 226304K, used 58496K [0x00000000ebd00000, 0x00000000ffe80000, 0x0000000100000000)
  eden space 122880K, 0% used [0x00000000ebd00000,0x00000000ebd00000,0x00000000f3500000)
  from space 103424K, 56% used [0x00000000f3500000,0x00000000f6e20000,0x00000000f9a00000)
  to   space 102400K, 0% used [0x00000000f9a80000,0x00000000f9a80000,0x00000000ffe80000)
 ParOldGen       total 437248K, used 338950K [0x00000000c3600000, 0x00000000de100000, 0x00000000ebd00000)
  object space 437248K, 77% used [0x00000000c3600000,0x00000000d8101a58,0x00000000de100000)
 Metaspace       used 10700K, capacity 11158K, committed 11264K, reserved 1058816K
  class space    used 1369K, capacity 1510K, committed 1536K, reserved 1048576K
}
Event: 25,543 GC heap before
{Heap before GC invocations=31 (full 7):
 PSYoungGen      total 226304K, used 181376K [0x00000000ebd00000, 0x00000000ffe80000, 0x0000000100000000)
  eden space 122880K, 100% used [0x00000000ebd00000,0x00000000f3500000,0x00000000f3500000)
  from space 103424K, 56% used [0x00000000f3500000,0x00000000f6e20000,0x00000000f9a00000)
  to   space 102400K, 0% used [0x00000000f9a80000,0x00000000f9a80000,0x00000000ffe80000)
 ParOldGen       total 437248K, used 338950K [0x00000000c3600000, 0x00000000de100000, 0x00000000ebd00000)
  object space 437248K, 77% used [0x00000000c3600000,0x00000000d8101a58,0x00000000de100000)
 Metaspace       used 10700K, capacity 11158K, committed 11264K, reserved 1058816K
  class space    used 1369K, capacity 1510K, committed 1536K, reserved 1048576K
Event: 26,704 GC heap after
Heap after GC invocations=31 (full 7):
 PSYoungGen      total 226816K, used 59988K [0x00000000ebd00000, 0x00000000ffe00000, 0x0000000100000000)
  eden space 124928K, 0% used [0x00000000ebd00000,0x00000000ebd00000,0x00000000f3700000)
  from space 101888K, 58% used [0x00000000f9a80000,0x00000000fd5150e8,0x00000000ffe00000)
  to   space 101888K, 0% used [0x00000000f3700000,0x00000000f3700000,0x00000000f9a80000)
 ParOldGen       total 437248K, used 396430K [0x00000000c3600000, 0x00000000de100000, 0x00000000ebd00000)
  object space 437248K, 90% used [0x00000000c3600000,0x00000000db923a58,0x00000000de100000)
 Metaspace       used 10700K, capacity 11158K, committed 11264K, reserved 1058816K
  class space    used 1369K, capacity 1510K, committed 1536K, reserved 1048576K
}
Event: 26,704 GC heap before
{Heap before GC invocations=32 (full 8):
 PSYoungGen      total 226816K, used 59988K [0x00000000ebd00000, 0x00000000ffe00000, 0x0000000100000000)
  eden space 124928K, 0% used [0x00000000ebd00000,0x00000000ebd00000,0x00000000f3700000)
  from space 101888K, 58% used [0x00000000f9a80000,0x00000000fd5150e8,0x00000000ffe00000)
  to   space 101888K, 0% used [0x00000000f3700000,0x00000000f3700000,0x00000000f9a80000)
 ParOldGen       total 437248K, used 396430K [0x00000000c3600000, 0x00000000de100000, 0x00000000ebd00000)
  object space 437248K, 90% used [0x00000000c3600000,0x00000000db923a58,0x00000000de100000)
 Metaspace       used 10700K, capacity 11158K, committed 11264K, reserved 1058816K
  class space    used 1369K, capacity 1510K, committed 1536K, reserved 1048576K

